Processing 66 files
Start Processing: rina/turok/bope/Bope.java
New Key: class net/minecraftforge/fml/common/Mod
New Key: class net/minecraftforge/fml/common/Mod
Rename method net/minecraft/client/Minecraft/getMinecraft ()Lnet/minecraft/client/Minecraft;[4609,4621]::getMinecraft->func_71410_x
Rename field net/minecraft/client/Minecraft/player[4624,4630]::player->field_71439_g
Rename method net/minecraft/client/Minecraft/getMinecraft ()Lnet/minecraft/client/Minecraft;[4681,4693]::getMinecraft->func_71410_x
Rename field net/minecraft/client/Minecraft/player[4696,4702]::player->field_71439_g
Rename method net/minecraft/command/ICommandSender/getName ()Ljava/lang/String;[4710,4717]::getName->func_70005_c_
Import: net.minecraftforge.fml.common.event.FMLInitializationEvent
Import: net.minecraftforge.fml.common.Mod
Import: net.minecraft.client.Minecraft
Import: org.apache.logging.log4j.LogManager
Import: org.apache.logging.log4j.Logger
Import: org.lwjgl.opengl.Display
Import: org.lwjgl.input.Keyboard
Import: java.text.SimpleDateFormat
Import: java.time.*
Import: java.util.*
Adding 9 imports
        rina.turok.bope.bopemod.guiscreen.BopeGUI
        rina.turok.bope.bopemod.guiscreen.BopeHUD
        rina.turok.bope.bopemod.manager.BopeCommandManager
        rina.turok.bope.bopemod.manager.BopeConfigManager
        rina.turok.bope.bopemod.manager.BopeEventManager
        rina.turok.bope.bopemod.manager.BopeHUDManager
        rina.turok.bope.bopemod.manager.BopeModuleManager
        rina.turok.bope.bopemod.manager.BopeSettingManager
        rina.turok.bope.external.BopeEventHandler
End  Processing: rina/turok/bope/Bope.java

Start Processing: rina/turok/bope/BopeEventRegister.java
Import: net.minecraftforge.common.MinecraftForge
Adding 2 imports
        rina.turok.bope.bopemod.manager.BopeCommandManager
        rina.turok.bope.bopemod.manager.BopeEventManager
End  Processing: rina/turok/bope/BopeEventRegister.java

Start Processing: rina/turok/bope/BopeMixinLoader.java
FOUND CONSTR method rina/turok/bope/BopeMixinLoader/BopeMixinLoader ()V rina/turok/bope/BopeMixinLoader
Import: net.minecraftforge.fml.relauncher.IFMLLoadingPlugin
Import: javax.annotation.Nullable
Import: org.spongepowered.asm.mixin.MixinEnvironment
Import: org.spongepowered.asm.launch.MixinBootstrap
Import: org.spongepowered.asm.mixin.Mixins
Import: java.util.Map
End  Processing: rina/turok/bope/BopeMixinLoader.java

Start Processing: rina/turok/bope/bopemod/BopeCommand.java
FOUND CONSTR method rina/turok/bope/bopemod/BopeCommand/BopeCommand (Ljava/lang/String;Ljava/lang/String;)V rina/turok/bope/bopemod/BopeCommand
Import: rina.turok.bope.Bope
End  Processing: rina/turok/bope/bopemod/BopeCommand.java

Start Processing: rina/turok/bope/bopemod/BopeMessage.java
Rename method net/minecraft/client/Minecraft/getMinecraft ()Lnet/minecraft/client/Minecraft;[512,524]::getMinecraft->func_71410_x
Rename field net/minecraft/client/Minecraft/player[594,600]::player->field_71439_g
Rename field net/minecraft/client/Minecraft/player[625,631]::player->field_71439_g
Rename field net/minecraft/client/entity/EntityPlayerSP/connection[639,649]::connection->field_71174_a
Rename method net/minecraft/client/network/NetHandlerPlayClient/sendPacket (Lnet/minecraft/network/Packet;)V[653,663]::sendPacket->func_147297_a
Rename field net/minecraft/client/Minecraft/player[771,777]::player->field_71439_g
Rename field net/minecraft/client/Minecraft/player[802,808]::player->field_71439_g
Rename method net/minecraft/command/ICommandSender/sendMessage (Lnet/minecraft/util/text/ITextComponent;)V[816,827]::sendMessage->func_145747_a
FOUND CONSTR method rina/turok/bope/bopemod/BopeMessage/ChatMessage/ChatMessage (Ljava/lang/String;)V rina/turok/bope/bopemod/BopeMessage/ChatMessage
Rename method net/minecraft/util/text/ITextComponent/getUnformattedComponentText ()Ljava/lang/String;[1772,1799]::getUnformattedComponentText->func_150261_e
Rename method net/minecraft/util/text/ITextComponent/createCopy ()Lnet/minecraft/util/text/ITextComponent;[1863,1873]::createCopy->func_150259_f
Import: net.minecraft.network.play.client.CPacketChatMessage
Import: net.minecraft.util.text.TextComponentBase
Import: net.minecraft.util.text.ITextComponent
Import: net.minecraft.client.Minecraft
Import: com.mojang.realmsclient.gui.ChatFormatting
Import: java.util.regex.Matcher
Import: java.util.regex.Pattern
Adding 1 imports
        rina.turok.bope.Bope
End  Processing: rina/turok/bope/bopemod/BopeMessage.java

Start Processing: rina/turok/bope/bopemod/BopeModule.java
Rename method net/minecraft/client/Minecraft/getMinecraft ()Lnet/minecraft/client/Minecraft;[986,998]::getMinecraft->func_71410_x
FOUND CONSTR method rina/turok/bope/bopemod/BopeModule/BopeModule (Lrina/turok/bope/bopemod/hacks/BopeCategory;)V rina/turok/bope/bopemod/BopeModule
Import: net.minecraftforge.fml.client.registry.ClientRegistry
Import: net.minecraftforge.common.MinecraftForge
Import: net.minecraft.client.settings.KeyBinding
Import: net.minecraft.client.Minecraft
Import: java.lang.annotation.RetentionPolicy
Import: java.lang.annotation.Retention
Import: java.util.ArrayList
Import: java.util.List
Import: org.lwjgl.input.Keyboard
Adding 5 imports
        rina.turok.bope.Bope
        rina.turok.bope.bopemod.events.BopeEventRender
        rina.turok.bope.bopemod.guiscreen.settings.BopeSetting
        rina.turok.bope.bopemod.hacks.BopeCategory
        rina.turok.bope.external.BopeEventBus
End  Processing: rina/turok/bope/bopemod/BopeModule.java

Start Processing: rina/turok/bope/bopemod/commands/BopeBind.java
FOUND CONSTR method rina/turok/bope/bopemod/commands/BopeBind/BopeBind ()V rina/turok/bope/bopemod/commands/BopeBind
Import: org.lwjgl.input.Keyboard
Adding 4 imports
        rina.turok.bope.Bope
        rina.turok.bope.bopemod.BopeCommand
        rina.turok.bope.bopemod.BopeMessage
        rina.turok.bope.bopemod.BopeModule
End  Processing: rina/turok/bope/bopemod/commands/BopeBind.java

Start Processing: rina/turok/bope/bopemod/commands/BopeLabel.java
FOUND CONSTR method rina/turok/bope/bopemod/commands/BopeLabel/BopeLabel ()V rina/turok/bope/bopemod/commands/BopeLabel
Import: rina.turok.bope.bopemod.guiscreen.settings.BopeSetting
Adding 4 imports
        rina.turok.bope.Bope
        rina.turok.bope.bopemod.BopeCommand
        rina.turok.bope.bopemod.BopeMessage
        rina.turok.bope.bopemod.BopeModule
End  Processing: rina/turok/bope/bopemod/commands/BopeLabel.java

Start Processing: rina/turok/bope/bopemod/commands/BopeListCommand.java
FOUND CONSTR method rina/turok/bope/bopemod/commands/BopeListCommand/BopeListCommand (Lnet/minecraft/util/text/Style;)V rina/turok/bope/bopemod/commands/BopeListCommand
Import: net.minecraft.util.text.TextComponentString
Import: net.minecraft.util.text.TextFormatting
Import: net.minecraft.util.text.Style
Import: java.util.ArrayList
Import: java.util.HashMap
Adding 2 imports
        rina.turok.bope.bopemod.BopeCommand
        rina.turok.turok.values.TurokString
End  Processing: rina/turok/bope/bopemod/commands/BopeListCommand.java

Start Processing: rina/turok/bope/bopemod/commands/BopePrefix.java
FOUND CONSTR method rina/turok/bope/bopemod/commands/BopePrefix/BopePrefix ()V rina/turok/bope/bopemod/commands/BopePrefix
Import: rina.turok.bope.bopemod.BopeCommand
Import: rina.turok.bope.bopemod.BopeMessage
Adding 1 imports
        rina.turok.bope.Bope
End  Processing: rina/turok/bope/bopemod/commands/BopePrefix.java

Start Processing: rina/turok/bope/bopemod/commands/BopeSettings.java
FOUND CONSTR method rina/turok/bope/bopemod/commands/BopeSettings/BopeSettings ()V rina/turok/bope/bopemod/commands/BopeSettings
Import: com.mojang.realmsclient.gui.ChatFormatting
Adding 3 imports
        rina.turok.bope.Bope
        rina.turok.bope.bopemod.BopeCommand
        rina.turok.bope.bopemod.BopeMessage
End  Processing: rina/turok/bope/bopemod/commands/BopeSettings.java

Start Processing: rina/turok/bope/bopemod/commands/BopeToggle.java
FOUND CONSTR method rina/turok/bope/bopemod/commands/BopeToggle/BopeToggle ()V rina/turok/bope/bopemod/commands/BopeToggle
Import: rina.turok.bope.bopemod.BopeCommand
Import: rina.turok.bope.bopemod.BopeMessage
Import: rina.turok.bope.bopemod.BopeModule
Adding 1 imports
        rina.turok.bope.Bope
End  Processing: rina/turok/bope/bopemod/commands/BopeToggle.java

Start Processing: rina/turok/bope/bopemod/events/BopeEventGUIScreen.java
FOUND CONSTR method rina/turok/bope/bopemod/events/BopeEventGUIScreen/BopeEventGUIScreen (Lnet/minecraft/client/gui/GuiScreen;)V rina/turok/bope/bopemod/events/BopeEventGUIScreen
Import: net.minecraft.client.gui.GuiScreen
Adding 1 imports
        rina.turok.bope.external.BopeEventCancellable
End  Processing: rina/turok/bope/bopemod/events/BopeEventGUIScreen.java

Start Processing: rina/turok/bope/bopemod/events/BopeEventPacket.java
FOUND CONSTR method rina/turok/bope/bopemod/events/BopeEventPacket/BopeEventPacket (Lnet/minecraft/network/Packet;)V rina/turok/bope/bopemod/events/BopeEventPacket
FOUND CONSTR method rina/turok/bope/bopemod/events/BopeEventPacket/ReceivePacket/ReceivePacket (Lnet/minecraft/network/Packet;)V rina/turok/bope/bopemod/events/BopeEventPacket/ReceivePacket
FOUND CONSTR method rina/turok/bope/bopemod/events/BopeEventPacket/SendPacket/SendPacket (Lnet/minecraft/network/Packet;)V rina/turok/bope/bopemod/events/BopeEventPacket/SendPacket
Import: net.minecraft.network.Packet
Import: rina.turok.bope.external.BopeEventCancellable
End  Processing: rina/turok/bope/bopemod/events/BopeEventPacket.java

Start Processing: rina/turok/bope/bopemod/events/BopeEventRender.java
FOUND CONSTR method rina/turok/bope/bopemod/events/BopeEventRender/BopeEventRender (Lnet/minecraft/client/renderer/Tessellator;Lnet/minecraft/util/math/Vec3d;)V rina/turok/bope/bopemod/events/BopeEventRender
Rename method net/minecraft/client/renderer/Tessellator/getBuffer ()Lnet/minecraft/client/renderer/BufferBuilder;[783,792]::getBuffer->func_178180_c
Rename method net/minecraft/client/renderer/Tessellator/getBuffer ()Lnet/minecraft/client/renderer/BufferBuilder;[865,874]::getBuffer->func_178180_c
Rename method net/minecraft/client/renderer/BufferBuilder/setTranslation (DDD)V[881,895]::setTranslation->func_178969_c
Rename field net/minecraft/util/math/Vec3d/x[901,902]::x->field_72450_a
Rename field net/minecraft/util/math/Vec3d/y[922,923]::y->field_72448_b
Rename field net/minecraft/util/math/Vec3d/z[943,944]::z->field_72449_c
Rename method net/minecraft/client/renderer/Tessellator/getBuffer ()Lnet/minecraft/client/renderer/BufferBuilder;[1017,1026]::getBuffer->func_178180_c
Rename method net/minecraft/client/renderer/BufferBuilder/setTranslation (DDD)V[1033,1047]::setTranslation->func_178969_c
Rename field net/minecraft/util/math/Vec3d/x[1058,1059]::x->field_72450_a
Rename field net/minecraft/util/math/Vec3d/y[1084,1085]::y->field_72448_b
Rename field net/minecraft/util/math/Vec3d/z[1110,1111]::z->field_72449_c
Import: net.minecraft.client.renderer.BufferBuilder
Import: net.minecraft.client.renderer.Tessellator
Import: net.minecraft.util.math.Vec3d
Adding 1 imports
        rina.turok.bope.external.BopeEventCancellable
End  Processing: rina/turok/bope/bopemod/events/BopeEventRender.java

Start Processing: rina/turok/bope/bopemod/guiscreen/BopeGUI.java
Rename method net/minecraft/client/Minecraft/getMinecraft ()Lnet/minecraft/client/Minecraft;[888,900]::getMinecraft->func_71410_x
FOUND CONSTR method rina/turok/bope/bopemod/guiscreen/BopeGUI/BopeGUI ()V rina/turok/bope/bopemod/guiscreen/BopeGUI
Rename method net/minecraft/client/gui/GuiScreen/doesGuiPauseGame ()Z[1644,1660]::doesGuiPauseGame->func_73868_f
Rename method net/minecraft/client/gui/GuiScreen/onGuiClosed ()V[1744,1755]::onGuiClosed->func_146281_b
Rename method net/minecraft/client/gui/GuiScreen/keyTyped (CI)V[1929,1937]::keyTyped->func_73869_a
Rename method net/minecraft/client/Minecraft/displayGuiScreen (Lnet/minecraft/client/gui/GuiScreen;)V[2143,2159]::displayGuiScreen->func_147108_a
Rename method net/minecraft/client/gui/GuiScreen/mouseClicked (III)V[2210,2222]::mouseClicked->func_73864_a
Rename method net/minecraft/client/gui/GuiScreen/mouseReleased (III)V[2960,2973]::mouseReleased->func_146286_b
Rename method net/minecraft/client/gui/GuiScreen/drawScreen (IIF)V[3296,3306]::drawScreen->func_73863_a
Import: net.minecraft.client.gui.ScaledResolution
Import: net.minecraft.client.gui.GuiScreen
Import: net.minecraft.client.Minecraft
Import: net.minecraft.client.gui.Gui
Adding 4 imports
        java.util.ArrayList
        rina.turok.bope.Bope
        rina.turok.bope.bopemod.guiscreen.render.components.BopeFrame
        rina.turok.bope.bopemod.hacks.BopeCategory
End  Processing: rina/turok/bope/bopemod/guiscreen/BopeGUI.java

Start Processing: rina/turok/bope/bopemod/guiscreen/BopeHUD.java
Rename method net/minecraft/client/Minecraft/getMinecraft ()Lnet/minecraft/client/Minecraft;[809,821]::getMinecraft->func_71410_x
FOUND CONSTR method rina/turok/bope/bopemod/guiscreen/BopeHUD/BopeHUD ()V rina/turok/bope/bopemod/guiscreen/BopeHUD
Rename method net/minecraft/client/gui/GuiScreen/doesGuiPauseGame ()Z[1061,1077]::doesGuiPauseGame->func_73868_f
Rename method net/minecraft/client/gui/GuiScreen/onGuiClosed ()V[1161,1172]::onGuiClosed->func_146281_b
Rename method net/minecraft/client/gui/GuiScreen/mouseClicked (III)V[1554,1566]::mouseClicked->func_73864_a
Rename method net/minecraft/client/gui/GuiScreen/mouseReleased (III)V[1898,1911]::mouseReleased->func_146286_b
Rename method net/minecraft/client/gui/GuiScreen/drawScreen (IIF)V[2044,2054]::drawScreen->func_73863_a
Import: net.minecraft.client.gui.ScaledResolution
Import: net.minecraft.client.gui.GuiScreen
Import: net.minecraft.client.Minecraft
Import: net.minecraft.client.gui.Gui
Adding 2 imports
        rina.turok.bope.Bope
        rina.turok.bope.bopemod.guiscreen.render.pinnables.BopeFrame
End  Processing: rina/turok/bope/bopemod/guiscreen/BopeHUD.java

Start Processing: rina/turok/bope/bopemod/guiscreen/hud/BopeArrayList.java
FOUND CONSTR method rina/turok/bope/bopemod/guiscreen/hud/BopeArrayList/BopeArrayList ()V rina/turok/bope/bopemod/guiscreen/hud/BopeArrayList
Import: com.mojang.realmsclient.gui.ChatFormatting
Adding 1 imports
        rina.turok.bope.bopemod.guiscreen.render.pinnables.BopePinnable
End  Processing: rina/turok/bope/bopemod/guiscreen/hud/BopeArrayList.java

Start Processing: rina/turok/bope/bopemod/guiscreen/hud/BopeNetherCoords.java
FOUND CONSTR method rina/turok/bope/bopemod/guiscreen/hud/BopeNetherCoords/BopeNetherCoords ()V rina/turok/bope/bopemod/guiscreen/hud/BopeNetherCoords
Rename field net/minecraft/client/Minecraft/player[655,661]::player->field_71439_g
Rename field net/minecraft/entity/Entity/posX[669,673]::posX->field_70165_t
Rename field net/minecraft/client/Minecraft/player[742,748]::player->field_71439_g
Rename field net/minecraft/entity/Entity/posY[756,760]::posY->field_70163_u
Rename field net/minecraft/client/Minecraft/player[820,826]::player->field_71439_g
Rename field net/minecraft/entity/Entity/posZ[834,838]::posZ->field_70161_v
Import: com.mojang.realmsclient.gui.ChatFormatting
Adding 2 imports
        rina.turok.bope.bopemod.guiscreen.render.pinnables.BopePinnable
        rina.turok.bope.bopemod.guiscreen.render.pinnables.label.BopeLabel
End  Processing: rina/turok/bope/bopemod/guiscreen/hud/BopeNetherCoords.java

Start Processing: rina/turok/bope/bopemod/guiscreen/hud/BopeOverworldCoords.java
FOUND CONSTR method rina/turok/bope/bopemod/guiscreen/hud/BopeOverworldCoords/BopeOverworldCoords ()V rina/turok/bope/bopemod/guiscreen/hud/BopeOverworldCoords
Rename field net/minecraft/client/Minecraft/player[667,673]::player->field_71439_g
Rename field net/minecraft/entity/Entity/posX[681,685]::posX->field_70165_t
Rename field net/minecraft/client/Minecraft/player[745,751]::player->field_71439_g
Rename field net/minecraft/entity/Entity/posY[759,763]::posY->field_70163_u
Rename field net/minecraft/client/Minecraft/player[823,829]::player->field_71439_g
Rename field net/minecraft/entity/Entity/posZ[837,841]::posZ->field_70161_v
Import: com.mojang.realmsclient.gui.ChatFormatting
Adding 2 imports
        rina.turok.bope.bopemod.guiscreen.render.pinnables.BopePinnable
        rina.turok.bope.bopemod.guiscreen.render.pinnables.label.BopeLabel
End  Processing: rina/turok/bope/bopemod/guiscreen/hud/BopeOverworldCoords.java

Start Processing: rina/turok/bope/bopemod/guiscreen/hud/BopeUser.java
FOUND CONSTR method rina/turok/bope/bopemod/guiscreen/hud/BopeUser/BopeUser ()V rina/turok/bope/bopemod/guiscreen/hud/BopeUser
Rename field net/minecraft/client/Minecraft/player[618,624]::player->field_71439_g
Rename method net/minecraft/command/ICommandSender/getName ()Ljava/lang/String;[632,639]::getName->func_70005_c_
Import: com.mojang.realmsclient.gui.ChatFormatting
Adding 2 imports
        rina.turok.bope.bopemod.guiscreen.render.pinnables.BopePinnable
        rina.turok.bope.bopemod.guiscreen.render.pinnables.label.BopeLabel
End  Processing: rina/turok/bope/bopemod/guiscreen/hud/BopeUser.java

Start Processing: rina/turok/bope/bopemod/guiscreen/hud/BopeWatermark.java
FOUND CONSTR method rina/turok/bope/bopemod/guiscreen/hud/BopeWatermark/BopeWatermark ()V rina/turok/bope/bopemod/guiscreen/hud/BopeWatermark
Import: com.mojang.realmsclient.gui.ChatFormatting
Adding 3 imports
        rina.turok.bope.Bope
        rina.turok.bope.bopemod.guiscreen.render.pinnables.BopePinnable
        rina.turok.bope.bopemod.guiscreen.render.pinnables.label.BopeLabel
End  Processing: rina/turok/bope/bopemod/guiscreen/hud/BopeWatermark.java

Start Processing: rina/turok/bope/bopemod/guiscreen/render/BopeDraw.java
Rename method net/minecraft/client/Minecraft/getMinecraft ()Lnet/minecraft/client/Minecraft;[684,696]::getMinecraft->func_71410_x
Rename field net/minecraft/client/Minecraft/fontRenderer[699,711]::fontRenderer->field_71466_p
Rename method net/minecraft/client/Minecraft/getMinecraft ()Lnet/minecraft/client/Minecraft;[770,782]::getMinecraft->func_71410_x
Rename field net/minecraft/client/Minecraft/fontRenderer[785,797]::fontRenderer->field_71466_p
FOUND CONSTR method rina/turok/bope/bopemod/guiscreen/render/BopeDraw/BopeDraw (F)V rina/turok/bope/bopemod/guiscreen/render/BopeDraw
Rename method net/minecraft/client/gui/Gui/drawRect (IIIII)V[982,990]::drawRect->func_73734_a
Rename method net/minecraft/client/gui/Gui/drawRect (IIIII)V[1771,1779]::drawRect->func_73734_a
Rename method net/minecraft/client/gui/FontRenderer/drawString (Ljava/lang/String;III)I[2006,2016]::drawString->func_78276_b
Rename method net/minecraft/client/gui/FontRenderer/drawString (Ljava/lang/String;III)I[2253,2263]::drawString->func_78276_b
Rename method net/minecraft/client/renderer/GlStateManager/enableBlend ()V[2478,2489]::enableBlend->func_179147_l
Rename field net/minecraft/client/gui/FontRenderer/FONT_HEIGHT[2687,2698]::FONT_HEIGHT->field_78288_b
Rename method net/minecraft/client/gui/FontRenderer/getStringWidth (Ljava/lang/String;)I[2846,2860]::getStringWidth->func_78256_a
FOUND CONSTR method rina/turok/bope/bopemod/guiscreen/render/BopeDraw/TurokColor/TurokColor (IIII)V rina/turok/bope/bopemod/guiscreen/render/BopeDraw/TurokColor
FOUND CONSTR method rina/turok/bope/bopemod/guiscreen/render/BopeDraw/TurokColor/TurokColor (III)V rina/turok/bope/bopemod/guiscreen/render/BopeDraw/TurokColor
Import: java.util.*
Import: java.awt.*
Adding 8 imports
        net.minecraft.client.Minecraft
        net.minecraft.client.gui.FontRenderer
        net.minecraft.client.gui.Gui
        net.minecraft.client.renderer.GlStateManager
        org.lwjgl.opengl.GL11
        rina.turok.turok.Turok
        rina.turok.turok.draw.TurokRenderHelp
        rina.turok.turok.task.TurokRect
End  Processing: rina/turok/bope/bopemod/guiscreen/render/BopeDraw.java

Start Processing: rina/turok/bope/bopemod/guiscreen/render/components/BopeAbstractWidget.java
End  Processing: rina/turok/bope/bopemod/guiscreen/render/components/BopeAbstractWidget.java

Start Processing: rina/turok/bope/bopemod/guiscreen/render/components/BopeFrame.java
FOUND CONSTR method rina/turok/bope/bopemod/guiscreen/render/components/BopeFrame/BopeFrame (Lrina/turok/bope/bopemod/hacks/BopeCategory;)V rina/turok/bope/bopemod/guiscreen/render/components/BopeFrame
Import: java.util.*
Import: java.awt.*
Adding 4 imports
        rina.turok.bope.Bope
        rina.turok.bope.bopemod.BopeModule
        rina.turok.bope.bopemod.guiscreen.render.BopeDraw
        rina.turok.bope.bopemod.hacks.BopeCategory
End  Processing: rina/turok/bope/bopemod/guiscreen/render/components/BopeFrame.java

Start Processing: rina/turok/bope/bopemod/guiscreen/render/components/BopeModuleButton.java
FOUND CONSTR method rina/turok/bope/bopemod/guiscreen/render/components/BopeModuleButton/BopeModuleButton (Lrina/turok/bope/bopemod/BopeModule;Lrina/turok/bope/bopemod/guiscreen/render/components/BopeFrame;)V rina/turok/bope/bopemod/guiscreen/render/components/BopeModuleButton
Import: java.util.*
Adding 9 imports
        rina.turok.bope.Bope
        rina.turok.bope.bopemod.BopeModule
        rina.turok.bope.bopemod.guiscreen.render.BopeDraw
        rina.turok.bope.bopemod.guiscreen.render.components.widgets.BopeButton
        rina.turok.bope.bopemod.guiscreen.render.components.widgets.BopeButtonBind
        rina.turok.bope.bopemod.guiscreen.render.components.widgets.BopeCombobox
        rina.turok.bope.bopemod.guiscreen.render.components.widgets.BopeLabel
        rina.turok.bope.bopemod.guiscreen.render.components.widgets.BopeSlider
        rina.turok.bope.bopemod.guiscreen.settings.BopeSetting
End  Processing: rina/turok/bope/bopemod/guiscreen/render/components/BopeModuleButton.java

Start Processing: rina/turok/bope/bopemod/guiscreen/render/components/widgets/BopeButton.java
FOUND CONSTR method rina/turok/bope/bopemod/guiscreen/render/components/widgets/BopeButton/BopeButton (Lrina/turok/bope/bopemod/guiscreen/render/components/BopeFrame;Lrina/turok/bope/bopemod/guiscreen/render/components/BopeModuleButton;Ljava/lang/String;I)V rina/turok/bope/bopemod/guiscreen/render/components/widgets/BopeButton
Import: rina.turok.bope.bopemod.guiscreen.render.components.BopeAbstractWidget
Import: rina.turok.bope.bopemod.guiscreen.render.components.BopeModuleButton
Import: rina.turok.bope.bopemod.guiscreen.render.components.BopeFrame
Import: rina.turok.bope.bopemod.guiscreen.render.BopeDraw
Adding 2 imports
        rina.turok.bope.Bope
        rina.turok.bope.bopemod.guiscreen.settings.BopeSetting
End  Processing: rina/turok/bope/bopemod/guiscreen/render/components/widgets/BopeButton.java

Start Processing: rina/turok/bope/bopemod/guiscreen/render/components/widgets/BopeButtonBind.java
FOUND CONSTR method rina/turok/bope/bopemod/guiscreen/render/components/widgets/BopeButtonBind/BopeButtonBind (Lrina/turok/bope/bopemod/guiscreen/render/components/BopeFrame;Lrina/turok/bope/bopemod/guiscreen/render/components/BopeModuleButton;Ljava/lang/String;I)V rina/turok/bope/bopemod/guiscreen/render/components/widgets/BopeButtonBind
Import: java.awt.*
Adding 5 imports
        rina.turok.bope.Bope
        rina.turok.bope.bopemod.guiscreen.render.BopeDraw
        rina.turok.bope.bopemod.guiscreen.render.components.BopeAbstractWidget
        rina.turok.bope.bopemod.guiscreen.render.components.BopeFrame
        rina.turok.bope.bopemod.guiscreen.render.components.BopeModuleButton
End  Processing: rina/turok/bope/bopemod/guiscreen/render/components/widgets/BopeButtonBind.java

Start Processing: rina/turok/bope/bopemod/guiscreen/render/components/widgets/BopeCombobox.java
FOUND CONSTR method rina/turok/bope/bopemod/guiscreen/render/components/widgets/BopeCombobox/BopeCombobox (Lrina/turok/bope/bopemod/guiscreen/render/components/BopeFrame;Lrina/turok/bope/bopemod/guiscreen/render/components/BopeModuleButton;Ljava/lang/String;I)V rina/turok/bope/bopemod/guiscreen/render/components/widgets/BopeCombobox
Import: java.util.*
Adding 6 imports
        rina.turok.bope.Bope
        rina.turok.bope.bopemod.guiscreen.render.BopeDraw
        rina.turok.bope.bopemod.guiscreen.render.components.BopeAbstractWidget
        rina.turok.bope.bopemod.guiscreen.render.components.BopeFrame
        rina.turok.bope.bopemod.guiscreen.render.components.BopeModuleButton
        rina.turok.bope.bopemod.guiscreen.settings.BopeSetting
End  Processing: rina/turok/bope/bopemod/guiscreen/render/components/widgets/BopeCombobox.java

Start Processing: rina/turok/bope/bopemod/guiscreen/render/components/widgets/BopeLabel.java
FOUND CONSTR method rina/turok/bope/bopemod/guiscreen/render/components/widgets/BopeLabel/BopeLabel (Lrina/turok/bope/bopemod/guiscreen/render/components/BopeFrame;Lrina/turok/bope/bopemod/guiscreen/render/components/BopeModuleButton;Ljava/lang/String;I)V rina/turok/bope/bopemod/guiscreen/render/components/widgets/BopeLabel
Import: rina.turok.bope.bopemod.guiscreen.render.components.widgets.BopeCombobox
Import: rina.turok.bope.bopemod.guiscreen.render.components.BopeAbstractWidget
Import: rina.turok.bope.bopemod.guiscreen.render.components.BopeModuleButton
Import: rina.turok.bope.bopemod.guiscreen.render.components.BopeFrame
Import: rina.turok.bope.bopemod.guiscreen.render.BopeDraw
Adding 2 imports
        rina.turok.bope.Bope
        rina.turok.bope.bopemod.guiscreen.settings.BopeSetting
End  Processing: rina/turok/bope/bopemod/guiscreen/render/components/widgets/BopeLabel.java

Start Processing: rina/turok/bope/bopemod/guiscreen/render/components/widgets/BopeSlider.java
FOUND CONSTR method rina/turok/bope/bopemod/guiscreen/render/components/widgets/BopeSlider/BopeSlider (Lrina/turok/bope/bopemod/guiscreen/render/components/BopeFrame;Lrina/turok/bope/bopemod/guiscreen/render/components/BopeModuleButton;Ljava/lang/String;I)V rina/turok/bope/bopemod/guiscreen/render/components/widgets/BopeSlider
Import: net.minecraft.util.math.MathHelper
Adding 7 imports
        rina.turok.bope.Bope
        rina.turok.bope.bopemod.guiscreen.render.BopeDraw
        rina.turok.bope.bopemod.guiscreen.render.components.BopeAbstractWidget
        rina.turok.bope.bopemod.guiscreen.render.components.BopeFrame
        rina.turok.bope.bopemod.guiscreen.render.components.BopeModuleButton
        rina.turok.bope.bopemod.guiscreen.settings.BopeSetting
        rina.turok.turok.values.TurokDouble
End  Processing: rina/turok/bope/bopemod/guiscreen/render/components/widgets/BopeSlider.java

Start Processing: rina/turok/bope/bopemod/guiscreen/render/pinnables/BopeFrame.java
FOUND CONSTR method rina/turok/bope/bopemod/guiscreen/render/pinnables/BopeFrame/BopeFrame (Ljava/lang/String;Ljava/lang/String;II)V rina/turok/bope/bopemod/guiscreen/render/pinnables/BopeFrame
Import: java.util.*
Import: java.awt.*
Adding 2 imports
        rina.turok.bope.Bope
        rina.turok.bope.bopemod.guiscreen.render.BopeDraw
End  Processing: rina/turok/bope/bopemod/guiscreen/render/pinnables/BopeFrame.java

Start Processing: rina/turok/bope/bopemod/guiscreen/render/pinnables/BopePinnable.java
Rename method net/minecraft/client/Minecraft/getMinecraft ()Lnet/minecraft/client/Minecraft;[703,715]::getMinecraft->func_71410_x
FOUND CONSTR method rina/turok/bope/bopemod/guiscreen/render/pinnables/BopePinnable/BopePinnable (Ljava/lang/String;Ljava/lang/String;FII)V rina/turok/bope/bopemod/guiscreen/render/pinnables/BopePinnable
Import: net.minecraft.client.Minecraft
Adding 3 imports
        java.util.ArrayList
        rina.turok.bope.bopemod.guiscreen.render.BopeDraw
        rina.turok.bope.bopemod.guiscreen.render.pinnables.label.BopeLabel
End  Processing: rina/turok/bope/bopemod/guiscreen/render/pinnables/BopePinnable.java

Start Processing: rina/turok/bope/bopemod/guiscreen/render/pinnables/BopePinnableButton.java
FOUND CONSTR method rina/turok/bope/bopemod/guiscreen/render/pinnables/BopePinnableButton/BopePinnableButton (Lrina/turok/bope/bopemod/guiscreen/render/pinnables/BopeFrame;Ljava/lang/String;Ljava/lang/String;)V rina/turok/bope/bopemod/guiscreen/render/pinnables/BopePinnableButton
Import: java.util.*
Adding 2 imports
        rina.turok.bope.Bope
        rina.turok.bope.bopemod.guiscreen.render.BopeDraw
End  Processing: rina/turok/bope/bopemod/guiscreen/render/pinnables/BopePinnableButton.java

Start Processing: rina/turok/bope/bopemod/guiscreen/render/pinnables/label/BopeLabel.java
FOUND CONSTR method rina/turok/bope/bopemod/guiscreen/render/pinnables/label/BopeLabel/BopeLabel (Lrina/turok/bope/bopemod/guiscreen/render/pinnables/BopePinnable;Ljava/lang/String;Ljava/lang/String;F)V rina/turok/bope/bopemod/guiscreen/render/pinnables/label/BopeLabel
Import: rina.turok.bope.bopemod.guiscreen.render.pinnables.BopePinnable
Import: rina.turok.bope.bopemod.guiscreen.render.BopeDraw
End  Processing: rina/turok/bope/bopemod/guiscreen/render/pinnables/label/BopeLabel.java

Start Processing: rina/turok/bope/bopemod/guiscreen/settings/BopeSetting.java
FOUND CONSTR method rina/turok/bope/bopemod/guiscreen/settings/BopeSetting/BopeSetting (Lrina/turok/bope/bopemod/BopeModule;Ljava/lang/String;Ljava/lang/String;Z)V rina/turok/bope/bopemod/guiscreen/settings/BopeSetting
FOUND CONSTR method rina/turok/bope/bopemod/guiscreen/settings/BopeSetting/BopeSetting (Lrina/turok/bope/bopemod/BopeModule;Ljava/lang/String;Ljava/lang/String;Ljava/util/List;Ljava/lang/String;)V rina/turok/bope/bopemod/guiscreen/settings/BopeSetting
FOUND CONSTR method rina/turok/bope/bopemod/guiscreen/settings/BopeSetting/BopeSetting (Lrina/turok/bope/bopemod/BopeModule;Ljava/lang/String;Ljava/lang/String;Ljava/lang/String;)V rina/turok/bope/bopemod/guiscreen/settings/BopeSetting
FOUND CONSTR method rina/turok/bope/bopemod/guiscreen/settings/BopeSetting/BopeSetting (Lrina/turok/bope/bopemod/BopeModule;Ljava/lang/String;Ljava/lang/String;DDD)V rina/turok/bope/bopemod/guiscreen/settings/BopeSetting
FOUND CONSTR method rina/turok/bope/bopemod/guiscreen/settings/BopeSetting/BopeSetting (Lrina/turok/bope/bopemod/BopeModule;Ljava/lang/String;Ljava/lang/String;III)V rina/turok/bope/bopemod/guiscreen/settings/BopeSetting
Import: java.util.*
Adding 1 imports
        rina.turok.bope.bopemod.BopeModule
End  Processing: rina/turok/bope/bopemod/guiscreen/settings/BopeSetting.java

Start Processing: rina/turok/bope/bopemod/hacks/BopeCategory.java
FOUND CONSTR method rina/turok/bope/bopemod/hacks/BopeCategory/BopeCategory (Ljava/lang/String;Ljava/lang/String;Ljava/lang/String;Ljava/lang/String;)V rina/turok/bope/bopemod/hacks/BopeCategory
End  Processing: rina/turok/bope/bopemod/hacks/BopeCategory.java

Start Processing: rina/turok/bope/bopemod/hacks/BopeClickGUI.java
FOUND CONSTR method rina/turok/bope/bopemod/hacks/BopeClickGUI/BopeClickGUI ()V rina/turok/bope/bopemod/hacks/BopeClickGUI
Rename field net/minecraft/client/Minecraft/world[645,650]::world->field_71441_e
Rename field net/minecraft/client/Minecraft/player[673,679]::player->field_71439_g
Rename method net/minecraft/client/Minecraft/displayGuiScreen (Lnet/minecraft/client/gui/GuiScreen;)V[705,721]::displayGuiScreen->func_147108_a
Import: rina.turok.bope.bopemod.hacks.BopeCategory
Adding 2 imports
        rina.turok.bope.Bope
        rina.turok.bope.bopemod.BopeModule
End  Processing: rina/turok/bope/bopemod/hacks/BopeClickGUI.java

Start Processing: rina/turok/bope/bopemod/hacks/BopeClickHUD.java
FOUND CONSTR method rina/turok/bope/bopemod/hacks/BopeClickHUD/BopeClickHUD ()V rina/turok/bope/bopemod/hacks/BopeClickHUD
Rename field net/minecraft/client/Minecraft/world[591,596]::world->field_71441_e
Rename field net/minecraft/client/Minecraft/player[619,625]::player->field_71439_g
Rename method net/minecraft/client/Minecraft/displayGuiScreen (Lnet/minecraft/client/gui/GuiScreen;)V[768,784]::displayGuiScreen->func_147108_a
Import: rina.turok.bope.bopemod.hacks.BopeCategory
Adding 2 imports
        rina.turok.bope.Bope
        rina.turok.bope.bopemod.BopeModule
End  Processing: rina/turok/bope/bopemod/hacks/BopeClickHUD.java

Start Processing: rina/turok/bope/bopemod/hacks/BopeFinderModule.java
FOUND CONSTR method rina/turok/bope/bopemod/hacks/BopeFinderModule/BopeFinderModule ()V rina/turok/bope/bopemod/hacks/BopeFinderModule
Import: rina.turok.bope.bopemod.hacks.BopeCategory
Adding 2 imports
        rina.turok.bope.bopemod.BopeModule
        rina.turok.bope.bopemod.events.BopeEventRender
End  Processing: rina/turok/bope/bopemod/hacks/BopeFinderModule.java

Start Processing: rina/turok/bope/bopemod/hacks/chat/BopeChatSuffix.java
FOUND CONSTR method rina/turok/bope/bopemod/hacks/chat/BopeChatSuffix/BopeChatSuffix ()V rina/turok/bope/bopemod/hacks/chat/BopeChatSuffix
New Key: class rina/turok/bope/bopemod/events/BopeEventPacket
Rename method net/minecraft/network/play/client/CPacketChatMessage/getMessage ()Ljava/lang/String;[2528,2538]::getMessage->func_149439_c
Rename field net/minecraft/network/play/client/CPacketChatMessage/message[4577,4584]::message->field_149440_a
Import: net.minecraft.network.play.client.CPacketChatMessage
Adding 9 imports
        java.util.Arrays
        java.util.Random
        me.zero.alpine.listener.EventHandler
        me.zero.alpine.listener.Listener
        rina.turok.bope.Bope
        rina.turok.bope.bopemod.BopeModule
        rina.turok.bope.bopemod.events.BopeEventPacket
        rina.turok.bope.bopemod.guiscreen.settings.BopeSetting
        rina.turok.bope.bopemod.hacks.BopeCategory
End  Processing: rina/turok/bope/bopemod/hacks/chat/BopeChatSuffix.java

Start Processing: rina/turok/bope/bopemod/hacks/combat/BopeAutoGapple.java
FOUND CONSTR method rina/turok/bope/bopemod/hacks/combat/BopeAutoGapple/BopeAutoGapple ()V rina/turok/bope/bopemod/hacks/combat/BopeAutoGapple
Rename field net/minecraft/client/Minecraft/player[1729,1735]::player->field_71439_g
Rename field net/minecraft/client/Minecraft/world[1757,1762]::world->field_71441_e
Rename field net/minecraft/client/Minecraft/player[1793,1799]::player->field_71439_g
Rename method net/minecraft/entity/EntityLivingBase/getHealth ()F[1807,1816]::getHealth->func_110143_aJ
Rename field net/minecraft/client/Minecraft/player[1948,1954]::player->field_71439_g
Rename field net/minecraft/entity/player/EntityPlayer/inventory[1962,1971]::inventory->field_71071_by
Rename field net/minecraft/entity/player/InventoryPlayer/mainInventory[1977,1990]::mainInventory->field_70462_a
Rename method net/minecraft/item/ItemStack/getItem ()Lnet/minecraft/item/Item;[2020,2027]::getItem->func_77973_b
Rename field net/minecraft/init/Items/GOLDEN_APPLE[2044,2056]::GOLDEN_APPLE->field_151153_ao
Rename method net/minecraft/item/ItemStack/getCount ()I[2081,2089]::getCount->func_190916_E
Rename field net/minecraft/client/Minecraft/currentScreen[2116,2129]::currentScreen->field_71462_r
Rename field net/minecraft/client/Minecraft/player[2288,2294]::player->field_71439_g
Rename field net/minecraft/entity/player/EntityPlayer/inventory[2302,2311]::inventory->field_71071_by
Rename method net/minecraft/inventory/IInventory/getStackInSlot (I)Lnet/minecraft/item/ItemStack;[2317,2331]::getStackInSlot->func_70301_a
Rename field net/minecraft/item/ItemStack/isEmpty[2337,2344]::isEmpty->field_190928_g
Rename field net/minecraft/client/Minecraft/playerController[2470,2486]::playerController->field_71442_b
Rename method net/minecraft/client/multiplayer/PlayerControllerMP/windowClick (IIILnet/minecraft/inventory/ClickType;Lnet/minecraft/entity/player/EntityPlayer;)Lnet/minecraft/item/ItemStack;[2484,2495]::windowClick->func_187098_a
Rename field net/minecraft/client/Minecraft/player[2563,2569]::player->field_71439_g
Rename field net/minecraft/client/Minecraft/player[2626,2632]::player->field_71439_g
Rename method net/minecraft/entity/EntityLivingBase/getHeldItemOffhand ()Lnet/minecraft/item/ItemStack;[2640,2658]::getHeldItemOffhand->func_184592_cb
Rename method net/minecraft/item/ItemStack/getItem ()Lnet/minecraft/item/Item;[2657,2664]::getItem->func_77973_b
Rename field net/minecraft/init/Items/GOLDEN_APPLE[2681,2693]::GOLDEN_APPLE->field_151153_ao
Rename field net/minecraft/client/Minecraft/playerController[2733,2749]::playerController->field_71442_b
Rename method net/minecraft/client/multiplayer/PlayerControllerMP/windowClick (IIILnet/minecraft/inventory/ClickType;Lnet/minecraft/entity/player/EntityPlayer;)Lnet/minecraft/item/ItemStack;[2747,2758]::windowClick->func_187098_a
Rename field net/minecraft/client/Minecraft/player[2792,2798]::player->field_71439_g
Rename field net/minecraft/client/Minecraft/player[2853,2859]::player->field_71439_g
Rename field net/minecraft/entity/player/EntityPlayer/inventory[2867,2876]::inventory->field_71071_by
Rename field net/minecraft/entity/player/InventoryPlayer/itemStack[2882,2891]::itemStack->field_70457_g
Rename method net/minecraft/item/ItemStack/isEmpty ()Z[2896,2903]::isEmpty->func_190926_b
Rename field net/minecraft/client/Minecraft/player[2987,2993]::player->field_71439_g
Rename field net/minecraft/entity/player/EntityPlayer/inventory[3001,3010]::inventory->field_71071_by
Rename field net/minecraft/entity/player/InventoryPlayer/itemStack[3016,3025]::itemStack->field_70457_g
Rename method net/minecraft/item/ItemStack/isEmpty ()Z[3030,3037]::isEmpty->func_190926_b
Rename field net/minecraft/client/Minecraft/player[3180,3186]::player->field_71439_g
Rename field net/minecraft/entity/player/EntityPlayer/inventory[3194,3203]::inventory->field_71071_by
Rename method net/minecraft/inventory/IInventory/getStackInSlot (I)Lnet/minecraft/item/ItemStack;[3209,3223]::getStackInSlot->func_70301_a
Rename method net/minecraft/item/ItemStack/getItem ()Lnet/minecraft/item/Item;[3225,3232]::getItem->func_77973_b
Rename field net/minecraft/init/Items/GOLDEN_APPLE[3249,3261]::GOLDEN_APPLE->field_151153_ao
Rename field net/minecraft/client/Minecraft/playerController[3381,3397]::playerController->field_71442_b
Rename method net/minecraft/client/multiplayer/PlayerControllerMP/windowClick (IIILnet/minecraft/inventory/ClickType;Lnet/minecraft/entity/player/EntityPlayer;)Lnet/minecraft/item/ItemStack;[3395,3406]::windowClick->func_187098_a
Rename field net/minecraft/client/Minecraft/player[3465,3471]::player->field_71439_g
Import: net.minecraft.client.gui.inventory.GuiContainer
Import: net.minecraft.inventory.ClickType
Import: net.minecraft.item.ItemStack
Import: net.minecraft.init.Items
Adding 4 imports
        rina.turok.bope.Bope
        rina.turok.bope.bopemod.BopeModule
        rina.turok.bope.bopemod.guiscreen.settings.BopeSetting
        rina.turok.bope.bopemod.hacks.BopeCategory
End  Processing: rina/turok/bope/bopemod/hacks/combat/BopeAutoGapple.java

Start Processing: rina/turok/bope/bopemod/hacks/combat/BopeAutoTotem.java
FOUND CONSTR method rina/turok/bope/bopemod/hacks/combat/BopeAutoTotem/BopeAutoTotem ()V rina/turok/bope/bopemod/hacks/combat/BopeAutoTotem
Rename field net/minecraft/client/Minecraft/player[1173,1179]::player->field_71439_g
Rename field net/minecraft/client/Minecraft/world[1201,1206]::world->field_71441_e
Rename field net/minecraft/client/Minecraft/player[1229,1235]::player->field_71439_g
Rename method net/minecraft/entity/EntityLivingBase/getHealth ()F[1243,1252]::getHealth->func_110143_aJ
Rename field net/minecraft/client/Minecraft/player[1318,1324]::player->field_71439_g
Rename field net/minecraft/entity/player/EntityPlayer/inventory[1332,1341]::inventory->field_71071_by
Rename field net/minecraft/entity/player/InventoryPlayer/mainInventory[1347,1360]::mainInventory->field_70462_a
Rename method net/minecraft/item/ItemStack/getItem ()Lnet/minecraft/item/Item;[1390,1397]::getItem->func_77973_b
Rename field net/minecraft/init/Items/TOTEM_OF_UNDYING[1414,1430]::TOTEM_OF_UNDYING->field_190929_cY
Rename method net/minecraft/item/ItemStack/getCount ()I[1451,1459]::getCount->func_190916_E
Rename field net/minecraft/client/Minecraft/currentScreen[1486,1499]::currentScreen->field_71462_r
Rename field net/minecraft/client/Minecraft/player[1692,1698]::player->field_71439_g
Rename field net/minecraft/entity/player/EntityPlayer/inventory[1706,1715]::inventory->field_71071_by
Rename method net/minecraft/inventory/IInventory/getStackInSlot (I)Lnet/minecraft/item/ItemStack;[1721,1735]::getStackInSlot->func_70301_a
Rename field net/minecraft/item/ItemStack/isEmpty[1741,1748]::isEmpty->field_190928_g
Rename field net/minecraft/client/Minecraft/playerController[1870,1886]::playerController->field_71442_b
Rename method net/minecraft/client/multiplayer/PlayerControllerMP/windowClick (IIILnet/minecraft/inventory/ClickType;Lnet/minecraft/entity/player/EntityPlayer;)Lnet/minecraft/item/ItemStack;[1884,1895]::windowClick->func_187098_a
Rename field net/minecraft/client/Minecraft/player[1957,1963]::player->field_71439_g
Rename field net/minecraft/client/Minecraft/player[2019,2025]::player->field_71439_g
Rename method net/minecraft/entity/EntityLivingBase/getHeldItemOffhand ()Lnet/minecraft/item/ItemStack;[2033,2051]::getHeldItemOffhand->func_184592_cb
Rename method net/minecraft/item/ItemStack/getItem ()Lnet/minecraft/item/Item;[2050,2057]::getItem->func_77973_b
Rename field net/minecraft/init/Items/TOTEM_OF_UNDYING[2074,2090]::TOTEM_OF_UNDYING->field_190929_cY
Rename field net/minecraft/client/Minecraft/playerController[2125,2141]::playerController->field_71442_b
Rename method net/minecraft/client/multiplayer/PlayerControllerMP/windowClick (IIILnet/minecraft/inventory/ClickType;Lnet/minecraft/entity/player/EntityPlayer;)Lnet/minecraft/item/ItemStack;[2139,2150]::windowClick->func_187098_a
Rename field net/minecraft/client/Minecraft/player[2184,2190]::player->field_71439_g
Rename field net/minecraft/client/Minecraft/player[2244,2250]::player->field_71439_g
Rename field net/minecraft/entity/player/EntityPlayer/inventory[2258,2267]::inventory->field_71071_by
Rename field net/minecraft/entity/player/InventoryPlayer/itemStack[2273,2282]::itemStack->field_70457_g
Rename method net/minecraft/item/ItemStack/isEmpty ()Z[2287,2294]::isEmpty->func_190926_b
Rename field net/minecraft/client/Minecraft/player[2377,2383]::player->field_71439_g
Rename field net/minecraft/entity/player/EntityPlayer/inventory[2391,2400]::inventory->field_71071_by
Rename field net/minecraft/entity/player/InventoryPlayer/itemStack[2406,2415]::itemStack->field_70457_g
Rename method net/minecraft/item/ItemStack/isEmpty ()Z[2420,2427]::isEmpty->func_190926_b
Rename field net/minecraft/client/Minecraft/player[2569,2575]::player->field_71439_g
Rename field net/minecraft/entity/player/EntityPlayer/inventory[2583,2592]::inventory->field_71071_by
Rename method net/minecraft/inventory/IInventory/getStackInSlot (I)Lnet/minecraft/item/ItemStack;[2598,2612]::getStackInSlot->func_70301_a
Rename method net/minecraft/item/ItemStack/getItem ()Lnet/minecraft/item/Item;[2614,2621]::getItem->func_77973_b
Rename field net/minecraft/init/Items/TOTEM_OF_UNDYING[2638,2654]::TOTEM_OF_UNDYING->field_190929_cY
Rename field net/minecraft/client/Minecraft/playerController[2770,2786]::playerController->field_71442_b
Rename method net/minecraft/client/multiplayer/PlayerControllerMP/windowClick (IIILnet/minecraft/inventory/ClickType;Lnet/minecraft/entity/player/EntityPlayer;)Lnet/minecraft/item/ItemStack;[2784,2795]::windowClick->func_187098_a
Rename field net/minecraft/client/Minecraft/player[2854,2860]::player->field_71439_g
Import: net.minecraft.client.gui.inventory.GuiContainer
Import: net.minecraft.inventory.ClickType
Import: net.minecraft.item.ItemStack
Import: net.minecraft.init.Items
Adding 3 imports
        rina.turok.bope.bopemod.BopeModule
        rina.turok.bope.bopemod.guiscreen.settings.BopeSetting
        rina.turok.bope.bopemod.hacks.BopeCategory
End  Processing: rina/turok/bope/bopemod/hacks/combat/BopeAutoTotem.java

Start Processing: rina/turok/bope/bopemod/hacks/exploit/BopeXCarry.java
FOUND CONSTR method rina/turok/bope/bopemod/hacks/exploit/BopeXCarry/BopeXCarry ()V rina/turok/bope/bopemod/hacks/exploit/BopeXCarry
New Key: class rina/turok/bope/bopemod/events/BopeEventPacket
Import: me.zero.alpine.listener.EventHandler // zero Alpine.
Import: me.zero.alpine.listener.Listener
Import: net.minecraft.network.play.client.CPacketCloseWindow
Import: org.lwjgl.input.Keyboard
Adding 4 imports
        me.zero.alpine.listener.EventHandler
        rina.turok.bope.bopemod.BopeModule
        rina.turok.bope.bopemod.events.BopeEventPacket
        rina.turok.bope.bopemod.hacks.BopeCategory
End  Processing: rina/turok/bope/bopemod/hacks/exploit/BopeXCarry.java

Start Processing: rina/turok/bope/bopemod/manager/BopeCommandManager.java
FOUND CONSTR method rina/turok/bope/bopemod/manager/BopeCommandManager/BopeCommandManager (Ljava/lang/String;)V rina/turok/bope/bopemod/manager/BopeCommandManager
Rename method net/minecraft/util/text/Style/setColor (Lnet/minecraft/util/text/TextFormatting;)Lnet/minecraft/util/text/Style;[779,787]::setColor->func_150238_a
Import: net.minecraftforge.fml.common.eventhandler.SubscribeEvent
Import: net.minecraftforge.client.event.ClientChatEvent
Import: net.minecraft.util.text.TextComponentString
Import: net.minecraft.util.text.TextFormatting
Import: net.minecraft.client.Minecraft
Import: net.minecraft.util.text.Style
Adding 1 imports
        rina.turok.bope.bopemod.commands.BopeListCommand
End  Processing: rina/turok/bope/bopemod/manager/BopeCommandManager.java

Start Processing: rina/turok/bope/bopemod/manager/BopeConfigManager.java
FOUND CONSTR method rina/turok/bope/bopemod/manager/BopeConfigManager/BopeConfigManager (Ljava/lang/String;)V rina/turok/bope/bopemod/manager/BopeConfigManager
Import: java.nio.charset.StandardCharsets
Import: java.text.SimpleDateFormat
Import: java.nio.file.Files
Import: java.nio.file.Paths
Import: java.nio.file.Path
Import: java.time.*
Import: java.util.*
Import: java.io.*
Adding 11 imports
        com.google.gson.Gson
        com.google.gson.GsonBuilder
        com.google.gson.JsonElement
        com.google.gson.JsonObject
        com.google.gson.JsonParser
        com.google.gson.JsonPrimitive
        rina.turok.bope.Bope
        rina.turok.bope.bopemod.BopeModule
        rina.turok.bope.bopemod.guiscreen.render.components.BopeFrame
        rina.turok.bope.bopemod.guiscreen.render.pinnables.BopePinnable
        rina.turok.bope.bopemod.guiscreen.settings.BopeSetting
End  Processing: rina/turok/bope/bopemod/manager/BopeConfigManager.java

Start Processing: rina/turok/bope/bopemod/manager/BopeEventManager.java
Rename method net/minecraft/client/Minecraft/getMinecraft ()Lnet/minecraft/client/Minecraft;[938,950]::getMinecraft->func_71410_x
FOUND CONSTR method rina/turok/bope/bopemod/manager/BopeEventManager/BopeEventManager (Ljava/lang/String;)V rina/turok/bope/bopemod/manager/BopeEventManager
New Key: class net/minecraftforge/event/entity/living/LivingEvent
New Key: class net/minecraftforge/fml/common/gameevent/TickEvent
Rename field net/minecraft/client/Minecraft/player[1222,1228]::player->field_71439_g
New Key: class net/minecraftforge/client/event/RenderGameOverlayEvent
New Key: class net/minecraftforge/client/event/RenderGameOverlayEvent
New Key: class net/minecraftforge/client/event/RenderGameOverlayEvent
Rename field net/minecraft/client/Minecraft/player[1694,1700]::player->field_71439_g
Rename method net/minecraft/entity/player/EntityPlayer/isCreative ()Z[1708,1718]::isCreative->func_184812_l_
Rename field net/minecraft/client/Minecraft/player[1731,1737]::player->field_71439_g
Rename method net/minecraft/entity/Entity/getRidingEntity ()Lnet/minecraft/entity/Entity;[1745,1760]::getRidingEntity->func_184187_bx
New Key: class net/minecraftforge/client/event/RenderGameOverlayEvent
Rename method net/minecraft/client/renderer/GlStateManager/enableBlend ()V[2172,2183]::enableBlend->func_179147_l
New Key: class net/minecraftforge/fml/common/gameevent/InputEvent
Rename field net/minecraft/client/Minecraft/player[2808,2814]::player->field_71439_g
Rename field net/minecraft/client/Minecraft/player[2861,2867]::player->field_71439_g
Rename method net/minecraft/command/ICommandSender/getName ()Ljava/lang/String;[2875,2882]::getName->func_70005_c_
Rename field net/minecraft/client/Minecraft/ingameGUI[2951,2960]::ingameGUI->field_71456_v
Rename method net/minecraft/client/gui/GuiIngame/getChatGUI ()Lnet/minecraft/client/gui/GuiNewChat;[2965,2975]::getChatGUI->func_146158_b
Rename method net/minecraft/client/gui/GuiNewChat/addToSentMessages (Ljava/lang/String;)V[2981,2998]::addToSentMessages->func_146239_a
Import: net.minecraftforge.fml.common.eventhandler.SubscribeEvent
Import: net.minecraftforge.fml.common.eventhandler.EventPriority
Import: net.minecraftforge.event.entity.living.LivingEvent
Import: net.minecraftforge.fml.common.gameevent.InputEvent
Import: net.minecraftforge.fml.common.gameevent.TickEvent
Import: net.minecraft.client.renderer.GlStateManager
Import: net.minecraft.entity.passive.AbstractHorse
Import: net.minecraftforge.client.event.*
Import: net.minecraft.client.Minecraft
Import: org.lwjgl.input.Keyboard
Import: org.lwjgl.opengl.GL11
Adding 4 imports
        rina.turok.bope.Bope
        rina.turok.bope.bopemod.BopeCommand
        rina.turok.bope.bopemod.BopeMessage
        rina.turok.turok.draw.TurokRenderHelp
End  Processing: rina/turok/bope/bopemod/manager/BopeEventManager.java

Start Processing: rina/turok/bope/bopemod/manager/BopeHUDManager.java
FOUND CONSTR method rina/turok/bope/bopemod/manager/BopeHUDManager/BopeHUDManager (Ljava/lang/String;)V rina/turok/bope/bopemod/manager/BopeHUDManager
Import: java.util.*
Adding 6 imports
        rina.turok.bope.bopemod.guiscreen.hud.BopeArrayList
        rina.turok.bope.bopemod.guiscreen.hud.BopeNetherCoords
        rina.turok.bope.bopemod.guiscreen.hud.BopeOverworldCoords
        rina.turok.bope.bopemod.guiscreen.hud.BopeUser
        rina.turok.bope.bopemod.guiscreen.hud.BopeWatermark
        rina.turok.bope.bopemod.guiscreen.render.pinnables.BopePinnable
End  Processing: rina/turok/bope/bopemod/manager/BopeHUDManager.java

Start Processing: rina/turok/bope/bopemod/manager/BopeModuleManager.java
Rename method net/minecraft/client/Minecraft/getMinecraft ()Lnet/minecraft/client/Minecraft;[1261,1273]::getMinecraft->func_71410_x
FOUND CONSTR method rina/turok/bope/bopemod/manager/BopeModuleManager/BopeModuleManager (Ljava/lang/String;)V rina/turok/bope/bopemod/manager/BopeModuleManager
Rename field net/minecraft/entity/Entity/posX[1916,1920]::posX->field_70165_t
Rename field net/minecraft/entity/Entity/lastTickPosX[1939,1951]::lastTickPosX->field_70142_S
Rename field net/minecraft/entity/Entity/posY[1970,1974]::posY->field_70163_u
Rename field net/minecraft/entity/Entity/lastTickPosY[1993,2005]::lastTickPosY->field_70137_T
Rename field net/minecraft/entity/Entity/posZ[2024,2028]::posZ->field_70161_v
Rename field net/minecraft/entity/Entity/lastTickPosZ[2047,2059]::lastTickPosZ->field_70136_U
Rename field net/minecraft/entity/Entity/lastTickPosX[2164,2176]::lastTickPosX->field_70142_S
Rename field net/minecraft/entity/Entity/lastTickPosY[2186,2198]::lastTickPosY->field_70137_T
Rename field net/minecraft/entity/Entity/lastTickPosZ[2208,2220]::lastTickPosZ->field_70136_U
Rename method net/minecraft/util/math/Vec3d/add (Lnet/minecraft/util/math/Vec3d;)Lnet/minecraft/util/math/Vec3d;[2223,2226]::add->func_178787_e
Rename field net/minecraft/client/Minecraft/profiler[2347,2355]::profiler->field_71424_I
Rename method net/minecraft/profiler/Profiler/startSection (Ljava/lang/String;)V[2361,2373]::startSection->func_76320_a
Rename field net/minecraft/client/Minecraft/profiler[2388,2396]::profiler->field_71424_I
Rename method net/minecraft/profiler/Profiler/startSection (Ljava/lang/String;)V[2402,2414]::startSection->func_76320_a
Rename method net/minecraft/client/renderer/GlStateManager/disableTexture2D ()V[2443,2459]::disableTexture2D->func_179090_x
Rename method net/minecraft/client/renderer/GlStateManager/enableBlend ()V[2477,2488]::enableBlend->func_179147_l
Rename method net/minecraft/client/renderer/GlStateManager/disableAlpha ()V[2511,2523]::disableAlpha->func_179118_c
Rename method net/minecraft/client/renderer/GlStateManager/tryBlendFuncSeparate (IIII)V[2545,2565]::tryBlendFuncSeparate->func_179120_a
Rename method net/minecraft/client/renderer/GlStateManager/shadeModel (I)V[2631,2641]::shadeModel->func_179103_j
Rename method net/minecraft/client/renderer/GlStateManager/disableDepth ()V[2679,2691]::disableDepth->func_179097_i
Rename method net/minecraft/client/renderer/GlStateManager/glLineWidth (F)V[2714,2725]::glLineWidth->func_187441_d
Rename field net/minecraft/client/Minecraft/player[2772,2778]::player->field_71439_g
Rename field net/minecraft/client/Minecraft/profiler[2942,2950]::profiler->field_71424_I
Rename method net/minecraft/profiler/Profiler/endSection ()V[2956,2966]::endSection->func_76319_b
Rename field net/minecraft/client/Minecraft/profiler[3061,3069]::profiler->field_71424_I
Rename method net/minecraft/profiler/Profiler/startSection (Ljava/lang/String;)V[3075,3087]::startSection->func_76320_a
Rename field net/minecraft/client/Minecraft/profiler[3152,3160]::profiler->field_71424_I
Rename method net/minecraft/profiler/Profiler/endSection ()V[3166,3176]::endSection->func_76319_b
Rename field net/minecraft/client/Minecraft/profiler[3197,3205]::profiler->field_71424_I
Rename method net/minecraft/profiler/Profiler/startSection (Ljava/lang/String;)V[3211,3223]::startSection->func_76320_a
Rename method net/minecraft/client/renderer/GlStateManager/glLineWidth (F)V[3254,3265]::glLineWidth->func_187441_d
Rename method net/minecraft/client/renderer/GlStateManager/shadeModel (I)V[3291,3301]::shadeModel->func_179103_j
Rename method net/minecraft/client/renderer/GlStateManager/disableBlend ()V[3337,3349]::disableBlend->func_179084_k
Rename method net/minecraft/client/renderer/GlStateManager/enableAlpha ()V[3371,3382]::enableAlpha->func_179141_d
Rename method net/minecraft/client/renderer/GlStateManager/enableTexture2D ()V[3405,3420]::enableTexture2D->func_179098_w
Rename method net/minecraft/client/renderer/GlStateManager/enableDepth ()V[3439,3450]::enableDepth->func_179126_j
Rename method net/minecraft/client/renderer/GlStateManager/enableCull ()V[3473,3483]::enableCull->func_179089_o
Rename field net/minecraft/client/Minecraft/profiler[3529,3537]::profiler->field_71424_I
Rename method net/minecraft/profiler/Profiler/endSection ()V[3543,3553]::endSection->func_76319_b
Rename field net/minecraft/client/Minecraft/profiler[3564,3572]::profiler->field_71424_I
Rename method net/minecraft/profiler/Profiler/endSection ()V[3578,3588]::endSection->func_76319_b
Import: net.minecraftforge.client.event.RenderWorldLastEvent
Import: net.minecraft.client.renderer.GlStateManager
Import: net.minecraft.client.Minecraft
Import: net.minecraft.util.math.Vec3d
Import: net.minecraft.entity.Entity
Import: org.lwjgl.opengl.GL11
Import: java.util.*
Adding 11 imports
        rina.turok.bope.Bope
        rina.turok.bope.bopemod.BopeModule
        rina.turok.bope.bopemod.events.BopeEventRender
        rina.turok.bope.bopemod.hacks.BopeCategory
        rina.turok.bope.bopemod.hacks.BopeClickGUI
        rina.turok.bope.bopemod.hacks.BopeClickHUD
        rina.turok.bope.bopemod.hacks.chat.BopeChatSuffix
        rina.turok.bope.bopemod.hacks.combat.BopeAutoGapple
        rina.turok.bope.bopemod.hacks.combat.BopeAutoTotem
        rina.turok.bope.bopemod.hacks.exploit.BopeXCarry
        rina.turok.turok.draw.TurokRenderHelp
End  Processing: rina/turok/bope/bopemod/manager/BopeModuleManager.java

Start Processing: rina/turok/bope/bopemod/manager/BopeSettingManager.java
FOUND CONSTR method rina/turok/bope/bopemod/manager/BopeSettingManager/BopeSettingManager (Ljava/lang/String;)V rina/turok/bope/bopemod/manager/BopeSettingManager
Import: java.util.*
Adding 2 imports
        rina.turok.bope.bopemod.BopeModule
        rina.turok.bope.bopemod.guiscreen.settings.BopeSetting
End  Processing: rina/turok/bope/bopemod/manager/BopeSettingManager.java

Start Processing: rina/turok/bope/external/BopeEventBus.java
Import: me.zero.alpine.EventManager
Import: me.zero.alpine.EventBus
End  Processing: rina/turok/bope/external/BopeEventBus.java

Start Processing: rina/turok/bope/external/BopeEventCancellable.java
FOUND CONSTR method rina/turok/bope/external/BopeEventCancellable/BopeEventCancellable ()V rina/turok/bope/external/BopeEventCancellable
Rename method net/minecraft/client/Minecraft/getMinecraft ()Lnet/minecraft/client/Minecraft;[368,380]::getMinecraft->func_71410_x
Rename method net/minecraft/client/Minecraft/getRenderPartialTicks ()F[383,404]::getRenderPartialTicks->func_184121_ak
Import: me.zero.alpine.type.Cancellable
Import: net.minecraft.client.Minecraft
End  Processing: rina/turok/bope/external/BopeEventCancellable.java

Start Processing: rina/turok/bope/external/BopeEventHandler.java
New Key: class rina/turok/bope/bopemod/events/BopeEventPacket
FOUND CONSTR method rina/turok/bope/external/BopeEventHandler/BopeEventHandler ()V rina/turok/bope/external/BopeEventHandler
Rename method net/minecraft/util/math/MathHelper/clamp (FFF)F[1308,1313]::clamp->func_76131_a
Rename method net/minecraft/util/math/MathHelper/clamp (FFF)F[1775,1780]::clamp->func_76131_a
Import: net.minecraft.network.play.server.SPacketTimeUpdate
Import: net.minecraft.util.math.MathHelper
Import: me.zero.alpine.listener.EventHandler
Import: me.zero.alpine.listener.Listener
Import: java.util.EventListener
Import: java.util.Arrays
Import: rina.turok.bope.bopemod.events.BopeEventPacket
Import: rina.turok.bope.external.BopeEventBus
End  Processing: rina/turok/bope/external/BopeEventHandler.java

Start Processing: rina/turok/bope/external/BopeNoPacketKick.java
FOUND CONSTR method rina/turok/bope/external/BopeNoPacketKick/BopeNoPacketKick ()V rina/turok/bope/external/BopeNoPacketKick
Import: rina.turok.bope.bopemod.hacks.BopeCategory
Import: rina.turok.bope.bopemod.BopeModule
End  Processing: rina/turok/bope/external/BopeNoPacketKick.java

Start Processing: rina/turok/bope/mixins/BopeMixinMinecraft.java
Rename method net/minecraft/crash/CrashReport/getCrashCause ()Ljava/lang/Throwable;[1969,1982]::getCrashCause->func_71505_b
Rename method net/minecraft/crash/CrashReport/getDescription ()Ljava/lang/String;[1999,2013]::getDescription->func_71501_a
Import: net.minecraft.client.multiplayer.WorldClient
Import: net.minecraft.client.entity.EntityPlayerSP
Import: net.minecraft.client.settings.GameSettings
Import: net.minecraft.client.settings.KeyBinding
Import: net.minecraft.client.audio.SoundHandler
Import: net.minecraft.crash.CrashReport
Import: net.minecraft.client.Minecraft
Import: net.minecraft.client.gui.*
Adding 8 imports
        org.spongepowered.asm.mixin.Mixin
        org.spongepowered.asm.mixin.injection.At
        org.spongepowered.asm.mixin.injection.Inject
        org.spongepowered.asm.mixin.injection.Redirect
        org.spongepowered.asm.mixin.injection.callback.CallbackInfo
        rina.turok.bope.Bope
        rina.turok.bope.bopemod.events.BopeEventGUIScreen
        rina.turok.bope.external.BopeEventBus
End  Processing: rina/turok/bope/mixins/BopeMixinMinecraft.java

Start Processing: rina/turok/bope/mixins/BopeMixinNetworkManager.java
New Key: class rina/turok/bope/bopemod/events/BopeEventPacket
New Key: class rina/turok/bope/bopemod/events/BopeEventPacket
Import: net.minecraft.network.NetworkManager
Import: net.minecraft.network.Packet
Import: io.netty.channel.ChannelHandlerContext
Import: org.spongepowered.asm.mixin.injection.callback.CallbackInfo
Import: org.spongepowered.asm.mixin.injection.Inject
Import: org.spongepowered.asm.mixin.injection.At
Import: org.spongepowered.asm.mixin.Mixin
Import: java.io.IOException
Adding 3 imports
        rina.turok.bope.bopemod.events.BopeEventPacket
        rina.turok.bope.external.BopeEventBus
        rina.turok.bope.external.BopeNoPacketKick
End  Processing: rina/turok/bope/mixins/BopeMixinNetworkManager.java

Start Processing: rina/turok/turok/Turok.java
FOUND CONSTR method rina/turok/turok/Turok/Turok (Ljava/lang/String;)V rina/turok/turok/Turok
Import: rina.turok.turok.draw.TurokGL
End  Processing: rina/turok/turok/Turok.java

Start Processing: rina/turok/turok/draw/TurokGL.java
Rename method net/minecraft/client/renderer/GlStateManager/tryBlendFuncSeparate (Lnet/minecraft/client/renderer/GlStateManager$SourceFactor;Lnet/minecraft/client/renderer/GlStateManager$DestFactor;Lnet/minecraft/client/renderer/GlStateManager$SourceFactor;Lnet/minecraft/client/renderer/GlStateManager$DestFactor;)V[617,637]::tryBlendFuncSeparate->func_187428_a
New Key: class net/minecraft/client/renderer/GlStateManager
New Key: class net/minecraft/client/renderer/GlStateManager
New Key: class net/minecraft/client/renderer/GlStateManager
New Key: class net/minecraft/client/renderer/GlStateManager
Rename method net/minecraft/client/renderer/GlStateManager/glLineWidth (F)V[800,811]::glLineWidth->func_187441_d
Rename method net/minecraft/client/renderer/GlStateManager/disableTexture2D ()V[838,854]::disableTexture2D->func_179090_x
Rename method net/minecraft/client/renderer/GlStateManager/depthMask (Z)V[872,881]::depthMask->func_179132_a
Rename method net/minecraft/client/renderer/GlStateManager/enableBlend ()V[911,922]::enableBlend->func_179147_l
Rename method net/minecraft/client/renderer/GlStateManager/disableDepth ()V[945,957]::disableDepth->func_179097_i
Rename method net/minecraft/client/renderer/GlStateManager/disableLighting ()V[979,994]::disableLighting->func_179140_f
Rename method net/minecraft/client/renderer/GlStateManager/disableCull ()V[1013,1024]::disableCull->func_179129_p
Rename method net/minecraft/client/renderer/GlStateManager/enableAlpha ()V[1047,1058]::enableAlpha->func_179141_d
Rename method net/minecraft/client/renderer/GlStateManager/color (FFF)V[1081,1086]::color->func_179124_c
Rename method net/minecraft/client/renderer/GlStateManager/enableCull ()V[1158,1168]::enableCull->func_179089_o
Rename method net/minecraft/client/renderer/GlStateManager/depthMask (Z)V[1192,1201]::depthMask->func_179132_a
Rename method net/minecraft/client/renderer/GlStateManager/enableTexture2D ()V[1230,1245]::enableTexture2D->func_179098_w
Rename method net/minecraft/client/renderer/GlStateManager/enableBlend ()V[1264,1275]::enableBlend->func_179147_l
Rename method net/minecraft/client/renderer/GlStateManager/enableDepth ()V[1298,1309]::enableDepth->func_179126_j
Import: net.minecraft.client.renderer.GlStateManager
Import: org.lwjgl.opengl.GL11
End  Processing: rina/turok/turok/draw/TurokGL.java

Start Processing: rina/turok/turok/draw/TurokRenderHelp.java
FOUND CONSTR method rina/turok/turok/draw/TurokRenderHelp/TurokRenderHelp ()V rina/turok/turok/draw/TurokRenderHelp
Rename method net/minecraft/client/renderer/Tessellator/getBuffer ()Lnet/minecraft/client/renderer/BufferBuilder;[684,693]::getBuffer->func_178180_c
Rename method net/minecraft/client/renderer/BufferBuilder/begin (ILnet/minecraft/client/renderer/vertex/VertexFormat;)V[700,705]::begin->func_181668_a
Rename field net/minecraft/client/renderer/vertex/DefaultVertexFormats/POSITION_COLOR[741,755]::POSITION_COLOR->field_181706_f
Rename method net/minecraft/client/renderer/Tessellator/draw ()V[840,844]::draw->func_78381_a
Rename method net/minecraft/client/renderer/Tessellator/getBuffer ()Lnet/minecraft/client/renderer/BufferBuilder;[1096,1105]::getBuffer->func_178180_c
Rename field net/minecraft/util/math/Vec3i/x[1176,1177]::x->field_177962_a
Rename field net/minecraft/util/math/Vec3i/y[1208,1209]::y->field_177960_b
Rename field net/minecraft/util/math/Vec3i/z[1240,1241]::z->field_177961_c
Rename method net/minecraft/client/renderer/BufferBuilder/pos (DDD)Lnet/minecraft/client/renderer/BufferBuilder;[1266,1269]::pos->func_181662_b
Rename method net/minecraft/client/renderer/BufferBuilder/color (FFFF)Lnet/minecraft/client/renderer/BufferBuilder;[1293,1298]::color->func_181666_a
Rename method net/minecraft/client/renderer/BufferBuilder/endVertex ()V[1319,1328]::endVertex->func_181675_d
Rename method net/minecraft/client/renderer/BufferBuilder/pos (DDD)Lnet/minecraft/client/renderer/BufferBuilder;[1345,1348]::pos->func_181662_b
Rename method net/minecraft/client/renderer/BufferBuilder/color (FFFF)Lnet/minecraft/client/renderer/BufferBuilder;[1376,1381]::color->func_181666_a
Rename method net/minecraft/client/renderer/BufferBuilder/endVertex ()V[1402,1411]::endVertex->func_181675_d
Rename method net/minecraft/client/renderer/BufferBuilder/pos (DDD)Lnet/minecraft/client/renderer/BufferBuilder;[1428,1431]::pos->func_181662_b
Rename method net/minecraft/client/renderer/BufferBuilder/color (FFFF)Lnet/minecraft/client/renderer/BufferBuilder;[1455,1460]::color->func_181666_a
Rename method net/minecraft/client/renderer/BufferBuilder/endVertex ()V[1481,1490]::endVertex->func_181675_d
Rename method net/minecraft/client/renderer/BufferBuilder/pos (DDD)Lnet/minecraft/client/renderer/BufferBuilder;[1507,1510]::pos->func_181662_b
Rename method net/minecraft/client/renderer/BufferBuilder/color (FFFF)Lnet/minecraft/client/renderer/BufferBuilder;[1530,1535]::color->func_181666_a
Rename method net/minecraft/client/renderer/BufferBuilder/endVertex ()V[1556,1565]::endVertex->func_181675_d
Rename method net/minecraft/client/renderer/BufferBuilder/pos (DDD)Lnet/minecraft/client/renderer/BufferBuilder;[1583,1586]::pos->func_181662_b
Rename method net/minecraft/client/renderer/BufferBuilder/color (FFFF)Lnet/minecraft/client/renderer/BufferBuilder;[1614,1619]::color->func_181666_a
Rename method net/minecraft/client/renderer/BufferBuilder/endVertex ()V[1640,1649]::endVertex->func_181675_d
Rename method net/minecraft/client/renderer/BufferBuilder/pos (DDD)Lnet/minecraft/client/renderer/BufferBuilder;[1666,1669]::pos->func_181662_b
Rename method net/minecraft/client/renderer/BufferBuilder/color (FFFF)Lnet/minecraft/client/renderer/BufferBuilder;[1693,1698]::color->func_181666_a
Rename method net/minecraft/client/renderer/BufferBuilder/endVertex ()V[1719,1728]::endVertex->func_181675_d
Rename method net/minecraft/client/renderer/BufferBuilder/pos (DDD)Lnet/minecraft/client/renderer/BufferBuilder;[1745,1748]::pos->func_181662_b
Rename method net/minecraft/client/renderer/BufferBuilder/color (FFFF)Lnet/minecraft/client/renderer/BufferBuilder;[1776,1781]::color->func_181666_a
Rename method net/minecraft/client/renderer/BufferBuilder/endVertex ()V[1802,1811]::endVertex->func_181675_d
Rename method net/minecraft/client/renderer/BufferBuilder/pos (DDD)Lnet/minecraft/client/renderer/BufferBuilder;[1828,1831]::pos->func_181662_b
Rename method net/minecraft/client/renderer/BufferBuilder/color (FFFF)Lnet/minecraft/client/renderer/BufferBuilder;[1863,1868]::color->func_181666_a
Rename method net/minecraft/client/renderer/BufferBuilder/endVertex ()V[1889,1898]::endVertex->func_181675_d
Rename method net/minecraft/client/renderer/BufferBuilder/pos (DDD)Lnet/minecraft/client/renderer/BufferBuilder;[1916,1919]::pos->func_181662_b
Rename method net/minecraft/client/renderer/BufferBuilder/color (FFFF)Lnet/minecraft/client/renderer/BufferBuilder;[1943,1948]::color->func_181666_a
Rename method net/minecraft/client/renderer/BufferBuilder/endVertex ()V[1969,1978]::endVertex->func_181675_d
Rename method net/minecraft/client/renderer/BufferBuilder/pos (DDD)Lnet/minecraft/client/renderer/BufferBuilder;[1995,1998]::pos->func_181662_b
Rename method net/minecraft/client/renderer/BufferBuilder/color (FFFF)Lnet/minecraft/client/renderer/BufferBuilder;[2018,2023]::color->func_181666_a
Rename method net/minecraft/client/renderer/BufferBuilder/endVertex ()V[2044,2053]::endVertex->func_181675_d
Rename method net/minecraft/client/renderer/BufferBuilder/pos (DDD)Lnet/minecraft/client/renderer/BufferBuilder;[2070,2073]::pos->func_181662_b
Rename method net/minecraft/client/renderer/BufferBuilder/color (FFFF)Lnet/minecraft/client/renderer/BufferBuilder;[2097,2102]::color->func_181666_a
Rename method net/minecraft/client/renderer/BufferBuilder/endVertex ()V[2123,2132]::endVertex->func_181675_d
Rename method net/minecraft/client/renderer/BufferBuilder/pos (DDD)Lnet/minecraft/client/renderer/BufferBuilder;[2149,2152]::pos->func_181662_b
Rename method net/minecraft/client/renderer/BufferBuilder/color (FFFF)Lnet/minecraft/client/renderer/BufferBuilder;[2180,2185]::color->func_181666_a
Rename method net/minecraft/client/renderer/BufferBuilder/endVertex ()V[2206,2215]::endVertex->func_181675_d
Rename method net/minecraft/client/renderer/BufferBuilder/pos (DDD)Lnet/minecraft/client/renderer/BufferBuilder;[2233,2236]::pos->func_181662_b
Rename method net/minecraft/client/renderer/BufferBuilder/color (FFFF)Lnet/minecraft/client/renderer/BufferBuilder;[2256,2261]::color->func_181666_a
Rename method net/minecraft/client/renderer/BufferBuilder/endVertex ()V[2282,2291]::endVertex->func_181675_d
Rename method net/minecraft/client/renderer/BufferBuilder/pos (DDD)Lnet/minecraft/client/renderer/BufferBuilder;[2308,2311]::pos->func_181662_b
Rename method net/minecraft/client/renderer/BufferBuilder/color (FFFF)Lnet/minecraft/client/renderer/BufferBuilder;[2335,2340]::color->func_181666_a
Rename method net/minecraft/client/renderer/BufferBuilder/endVertex ()V[2361,2370]::endVertex->func_181675_d
Rename method net/minecraft/client/renderer/BufferBuilder/pos (DDD)Lnet/minecraft/client/renderer/BufferBuilder;[2387,2390]::pos->func_181662_b
Rename method net/minecraft/client/renderer/BufferBuilder/color (FFFF)Lnet/minecraft/client/renderer/BufferBuilder;[2418,2423]::color->func_181666_a
Rename method net/minecraft/client/renderer/BufferBuilder/endVertex ()V[2444,2453]::endVertex->func_181675_d
Rename method net/minecraft/client/renderer/BufferBuilder/pos (DDD)Lnet/minecraft/client/renderer/BufferBuilder;[2470,2473]::pos->func_181662_b
Rename method net/minecraft/client/renderer/BufferBuilder/color (FFFF)Lnet/minecraft/client/renderer/BufferBuilder;[2497,2502]::color->func_181666_a
Rename method net/minecraft/client/renderer/BufferBuilder/endVertex ()V[2523,2532]::endVertex->func_181675_d
Rename method net/minecraft/client/renderer/BufferBuilder/pos (DDD)Lnet/minecraft/client/renderer/BufferBuilder;[2550,2553]::pos->func_181662_b
Rename method net/minecraft/client/renderer/BufferBuilder/color (FFFF)Lnet/minecraft/client/renderer/BufferBuilder;[2573,2578]::color->func_181666_a
Rename method net/minecraft/client/renderer/BufferBuilder/endVertex ()V[2599,2608]::endVertex->func_181675_d
Rename method net/minecraft/client/renderer/BufferBuilder/pos (DDD)Lnet/minecraft/client/renderer/BufferBuilder;[2625,2628]::pos->func_181662_b
Rename method net/minecraft/client/renderer/BufferBuilder/color (FFFF)Lnet/minecraft/client/renderer/BufferBuilder;[2652,2657]::color->func_181666_a
Rename method net/minecraft/client/renderer/BufferBuilder/endVertex ()V[2678,2687]::endVertex->func_181675_d
Rename method net/minecraft/client/renderer/BufferBuilder/pos (DDD)Lnet/minecraft/client/renderer/BufferBuilder;[2704,2707]::pos->func_181662_b
Rename method net/minecraft/client/renderer/BufferBuilder/color (FFFF)Lnet/minecraft/client/renderer/BufferBuilder;[2735,2740]::color->func_181666_a
Rename method net/minecraft/client/renderer/BufferBuilder/endVertex ()V[2761,2770]::endVertex->func_181675_d
Rename method net/minecraft/client/renderer/BufferBuilder/pos (DDD)Lnet/minecraft/client/renderer/BufferBuilder;[2787,2790]::pos->func_181662_b
Rename method net/minecraft/client/renderer/BufferBuilder/color (FFFF)Lnet/minecraft/client/renderer/BufferBuilder;[2814,2819]::color->func_181666_a
Rename method net/minecraft/client/renderer/BufferBuilder/endVertex ()V[2840,2849]::endVertex->func_181675_d
Rename method net/minecraft/client/renderer/BufferBuilder/pos (DDD)Lnet/minecraft/client/renderer/BufferBuilder;[2867,2870]::pos->func_181662_b
Rename method net/minecraft/client/renderer/BufferBuilder/color (FFFF)Lnet/minecraft/client/renderer/BufferBuilder;[2898,2903]::color->func_181666_a
Rename method net/minecraft/client/renderer/BufferBuilder/endVertex ()V[2924,2933]::endVertex->func_181675_d
Rename method net/minecraft/client/renderer/BufferBuilder/pos (DDD)Lnet/minecraft/client/renderer/BufferBuilder;[2950,2953]::pos->func_181662_b
Rename method net/minecraft/client/renderer/BufferBuilder/color (FFFF)Lnet/minecraft/client/renderer/BufferBuilder;[2977,2982]::color->func_181666_a
Rename method net/minecraft/client/renderer/BufferBuilder/endVertex ()V[3003,3012]::endVertex->func_181675_d
Rename method net/minecraft/client/renderer/BufferBuilder/pos (DDD)Lnet/minecraft/client/renderer/BufferBuilder;[3029,3032]::pos->func_181662_b
Rename method net/minecraft/client/renderer/BufferBuilder/color (FFFF)Lnet/minecraft/client/renderer/BufferBuilder;[3060,3065]::color->func_181666_a
Rename method net/minecraft/client/renderer/BufferBuilder/endVertex ()V[3086,3095]::endVertex->func_181675_d
Rename method net/minecraft/client/renderer/BufferBuilder/pos (DDD)Lnet/minecraft/client/renderer/BufferBuilder;[3112,3115]::pos->func_181662_b
Rename method net/minecraft/client/renderer/BufferBuilder/color (FFFF)Lnet/minecraft/client/renderer/BufferBuilder;[3147,3152]::color->func_181666_a
Rename method net/minecraft/client/renderer/BufferBuilder/endVertex ()V[3173,3182]::endVertex->func_181675_d
Import: net.minecraft.client.renderer.vertex.DefaultVertexFormats
Import: net.minecraft.client.renderer.GlStateManager
Import: net.minecraft.client.renderer.BufferBuilder
Import: net.minecraft.client.renderer.Tessellator
Import: net.minecraft.util.math.BlockPos
Import: org.lwjgl.opengl.GL11
End  Processing: rina/turok/turok/draw/TurokRenderHelp.java

Start Processing: rina/turok/turok/task/TurokRect.java
FOUND CONSTR method rina/turok/turok/task/TurokRect/TurokRect (Ljava/lang/String;II)V rina/turok/turok/task/TurokRect
End  Processing: rina/turok/turok/task/TurokRect.java

Start Processing: rina/turok/turok/values/TurokBoolean.java
FOUND CONSTR method rina/turok/turok/values/TurokBoolean/TurokBoolean (Ljava/lang/String;Ljava/lang/String;Z)V rina/turok/turok/values/TurokBoolean
End  Processing: rina/turok/turok/values/TurokBoolean.java

Start Processing: rina/turok/turok/values/TurokDouble.java
FOUND CONSTR method rina/turok/turok/values/TurokDouble/TurokDouble (Ljava/lang/String;Ljava/lang/String;DDD)V rina/turok/turok/values/TurokDouble
Import: java.math.*
End  Processing: rina/turok/turok/values/TurokDouble.java

Start Processing: rina/turok/turok/values/TurokEnum.java
FOUND CONSTR method rina/turok/turok/values/TurokEnum/TurokEnum (Ljava/lang/Class;)V rina/turok/turok/values/TurokEnum
End  Processing: rina/turok/turok/values/TurokEnum.java

Start Processing: rina/turok/turok/values/TurokFloat.java
FOUND CONSTR method rina/turok/turok/values/TurokFloat/TurokFloat (Ljava/lang/String;Ljava/lang/String;FFF)V rina/turok/turok/values/TurokFloat
End  Processing: rina/turok/turok/values/TurokFloat.java

Start Processing: rina/turok/turok/values/TurokInt.java
FOUND CONSTR method rina/turok/turok/values/TurokInt/TurokInt (Ljava/lang/String;Ljava/lang/String;III)V rina/turok/turok/values/TurokInt
End  Processing: rina/turok/turok/values/TurokInt.java

Start Processing: rina/turok/turok/values/TurokString.java
FOUND CONSTR method rina/turok/turok/values/TurokString/TurokString (Ljava/lang/String;Ljava/lang/String;Ljava/lang/String;)V rina/turok/turok/values/TurokString
End  Processing: rina/turok/turok/values/TurokString.java

